{"name": "Выход из личного кабинета", "status": "broken", "statusDetails": {"message": "selenium.common.exceptions.TimeoutException: Message: \nStacktrace:\nRemoteError@chrome://remote/content/shared/RemoteError.sys.mjs:8:8\nWebDriverError@chrome://remote/content/shared/webdriver/Errors.sys.mjs:193:5\nNoSuchElementError@chrome://remote/content/shared/webdriver/Errors.sys.mjs:511:5\ndom.find/</<@chrome://remote/content/shared/DOM.sys.mjs:136:16", "trace": "self = <tests.test_profile_area.TestProfilelAreaPage object at 0x0000025DF1B75D60>\ndriver = <selenium.webdriver.firefox.webdriver.WebDriver (session=\"9ea048b6-16a6-4872-9c57-60cce4f48cfc\")>\ncreate_new_user = ({'email': 'seleznevmstislav@example.net', 'name': 'Авксентий', 'password': '&6sArL$2z4'}, <Response [200]>), login = None\n\n    @allure.title('Выход из личного кабинета')\n    def test_log_out_profile(self, driver, create_new_user, login):\n        header = HeaderPage(driver)\n        profile_area = ProfileAreaPage(driver)\n        login_page = LoginPage(driver)\n        header.click_profile_area_btn()\n        profile_area.click_exit_btn()\n>       assert login_page.check_authorization_form() and login_page.get_current_url() == (MainUrl.MAIN_URL + URLS.URL_LOGIN)\n\ntests\\test_profile_area.py:25: \n_ _ _ _ _ _ _ _ _ _ _ _ _ _ _ _ _ _ _ _ _ _ _ _ _ _ _ _ _ _ _ _ _ _ _ _ _ _ _ _ _ _ _ _ _ _ _ _ _ _ _ _ _ _ _ _ _ _ _ _ _ _ _ _ _ _ _ _ _ _ \npages\\login_page.py:10: in check_authorization_form\n    return self.check_element(AuthPageLocators.AUTH_FORM)\npages\\base_page.py:46: in check_element\n    self.wait_for_loading_element(locator)\npages\\base_page.py:22: in wait_for_loading_element\n    WebDriverWait(self.driver, 30).until(EC.presence_of_element_located(locator))\n_ _ _ _ _ _ _ _ _ _ _ _ _ _ _ _ _ _ _ _ _ _ _ _ _ _ _ _ _ _ _ _ _ _ _ _ _ _ _ _ _ _ _ _ _ _ _ _ _ _ _ _ _ _ _ _ _ _ _ _ _ _ _ _ _ _ _ _ _ _ \n\nself = <selenium.webdriver.support.wait.WebDriverWait (session=\"9ea048b6-16a6-4872-9c57-60cce4f48cfc\")>\nmethod = <function presence_of_element_located.<locals>._predicate at 0x0000025DF1EA3BA0>, message = ''\n\n    def until(self, method: Callable[[D], Union[Literal[False], T]], message: str = \"\") -> T:\n        \"\"\"Calls the method provided with the driver as an argument until the \\\n        return value does not evaluate to ``False``.\n    \n        :param method: callable(WebDriver)\n        :param message: optional message for :exc:`TimeoutException`\n        :returns: the result of the last call to `method`\n        :raises: :exc:`selenium.common.exceptions.TimeoutException` if timeout occurs\n        \"\"\"\n        screen = None\n        stacktrace = None\n    \n        end_time = time.monotonic() + self._timeout\n        while True:\n            try:\n                value = method(self._driver)\n                if value:\n                    return value\n            except self._ignored_exceptions as exc:\n                screen = getattr(exc, \"screen\", None)\n                stacktrace = getattr(exc, \"stacktrace\", None)\n            time.sleep(self._poll)\n            if time.monotonic() > end_time:\n                break\n>       raise TimeoutException(message, screen, stacktrace)\nE       selenium.common.exceptions.TimeoutException: Message: \nE       Stacktrace:\nE       RemoteError@chrome://remote/content/shared/RemoteError.sys.mjs:8:8\nE       WebDriverError@chrome://remote/content/shared/webdriver/Errors.sys.mjs:193:5\nE       NoSuchElementError@chrome://remote/content/shared/webdriver/Errors.sys.mjs:511:5\nE       dom.find/</<@chrome://remote/content/shared/DOM.sys.mjs:136:16\n\nvenv\\Lib\\site-packages\\selenium\\webdriver\\support\\wait.py:105: TimeoutException"}, "steps": [{"name": "Нажать на кнопку \"Личный кабинет\"", "status": "passed", "start": 1719229253891, "stop": 1719229254289}, {"name": "Нажать на кнопку \"Выход\"", "status": "passed", "start": 1719229254289, "stop": 1719229255125}, {"name": "Проверка наличия формы авторизации", "status": "broken", "statusDetails": {"message": "selenium.common.exceptions.TimeoutException: Message: \nStacktrace:\nRemoteError@chrome://remote/content/shared/RemoteError.sys.mjs:8:8\nWebDriverError@chrome://remote/content/shared/webdriver/Errors.sys.mjs:193:5\nNoSuchElementError@chrome://remote/content/shared/webdriver/Errors.sys.mjs:511:5\ndom.find/</<@chrome://remote/content/shared/DOM.sys.mjs:136:16\n\n", "trace": "  File \"C:\\Users\\user\\PycharmProjects\\Diplom_3\\Diplom_3\\venv\\Lib\\site-packages\\allure_commons\\_allure.py\", line 192, in impl\n    return func(*a, **kw)\n           ^^^^^^^^^^^^^^\n  File \"C:\\Users\\user\\PycharmProjects\\Diplom_3\\Diplom_3\\pages\\login_page.py\", line 10, in check_authorization_form\n    return self.check_element(AuthPageLocators.AUTH_FORM)\n           ^^^^^^^^^^^^^^^^^^^^^^^^^^^^^^^^^^^^^^^^^^^^^^\n  File \"C:\\Users\\user\\PycharmProjects\\Diplom_3\\Diplom_3\\pages\\base_page.py\", line 46, in check_element\n    self.wait_for_loading_element(locator)\n  File \"C:\\Users\\user\\PycharmProjects\\Diplom_3\\Diplom_3\\pages\\base_page.py\", line 22, in wait_for_loading_element\n    WebDriverWait(self.driver, 30).until(EC.presence_of_element_located(locator))\n  File \"C:\\Users\\user\\PycharmProjects\\Diplom_3\\Diplom_3\\venv\\Lib\\site-packages\\selenium\\webdriver\\support\\wait.py\", line 105, in until\n    raise TimeoutException(message, screen, stacktrace)\n"}, "start": 1719229255125, "stop": 1719229285476}], "parameters": [{"name": "driver", "value": "'firefox'"}], "start": 1719229253891, "stop": 1719229285480, "uuid": "372e717b-612d-4a2c-b824-a5f12ebc6d4a", "historyId": "2b383a15fdb0138c04c101cba28b275c", "testCaseId": "85c8d3d9a6e1f19adb34560adee70168", "fullName": "tests.test_profile_area.TestProfilelAreaPage#test_log_out_profile", "labels": [{"name": "parentSuite", "value": "tests"}, {"name": "suite", "value": "test_profile_area"}, {"name": "subSuite", "value": "TestProfilelAreaPage"}, {"name": "host", "value": "LAPTOP-8BB0DG15"}, {"name": "thread", "value": "27308-MainThread"}, {"name": "framework", "value": "pytest"}, {"name": "language", "value": "cpython3"}, {"name": "package", "value": "tests.test_profile_area"}]}