{"name": "Проверка модального окна с деталями заказа", "status": "broken", "statusDetails": {"message": "selenium.common.exceptions.TimeoutException: Message: \nStacktrace:\nRemoteError@chrome://remote/content/shared/RemoteError.sys.mjs:8:8\nWebDriverError@chrome://remote/content/shared/webdriver/Errors.sys.mjs:193:5\nNoSuchElementError@chrome://remote/content/shared/webdriver/Errors.sys.mjs:511:5\ndom.find/</<@chrome://remote/content/shared/DOM.sys.mjs:136:16", "trace": "self = <tests.test_order_feed.TestOrderFeedPage object at 0x0000025DF1B41370>\ndriver = <selenium.webdriver.firefox.webdriver.WebDriver (session=\"35a6d69c-4695-4eb7-8473-08f43558dca9\")>\n\n    @allure.title('Проверка модального окна с деталями заказа')\n    def test_check_order_info_modal(self, driver):\n        header = HeaderPage(driver)\n        feed_order = OrderFeedPage(driver)\n        header.click_feed_btn()\n>       feed_order.click_order_info()\n\ntests\\test_order_feed.py:16: \n_ _ _ _ _ _ _ _ _ _ _ _ _ _ _ _ _ _ _ _ _ _ _ _ _ _ _ _ _ _ _ _ _ _ _ _ _ _ _ _ _ _ _ _ _ _ _ _ _ _ _ _ _ _ _ _ _ _ _ _ _ _ _ _ _ _ _ _ _ _ \npages\\order_feed_page.py:15: in click_order_info\n    self.click_on_element(OrderFeedLocators.ORDER_INFO_WINDOW)\npages\\base_page.py:26: in click_on_element\n    self.wait_for_element_clickable(locator)\npages\\base_page.py:18: in wait_for_element_clickable\n    WebDriverWait(self.driver, 5).until(EC.element_to_be_clickable(locator))\n_ _ _ _ _ _ _ _ _ _ _ _ _ _ _ _ _ _ _ _ _ _ _ _ _ _ _ _ _ _ _ _ _ _ _ _ _ _ _ _ _ _ _ _ _ _ _ _ _ _ _ _ _ _ _ _ _ _ _ _ _ _ _ _ _ _ _ _ _ _ \n\nself = <selenium.webdriver.support.wait.WebDriverWait (session=\"35a6d69c-4695-4eb7-8473-08f43558dca9\")>\nmethod = <function element_to_be_clickable.<locals>._predicate at 0x0000025DF1EA3D80>, message = ''\n\n    def until(self, method: Callable[[D], Union[Literal[False], T]], message: str = \"\") -> T:\n        \"\"\"Calls the method provided with the driver as an argument until the \\\n        return value does not evaluate to ``False``.\n    \n        :param method: callable(WebDriver)\n        :param message: optional message for :exc:`TimeoutException`\n        :returns: the result of the last call to `method`\n        :raises: :exc:`selenium.common.exceptions.TimeoutException` if timeout occurs\n        \"\"\"\n        screen = None\n        stacktrace = None\n    \n        end_time = time.monotonic() + self._timeout\n        while True:\n            try:\n                value = method(self._driver)\n                if value:\n                    return value\n            except self._ignored_exceptions as exc:\n                screen = getattr(exc, \"screen\", None)\n                stacktrace = getattr(exc, \"stacktrace\", None)\n            time.sleep(self._poll)\n            if time.monotonic() > end_time:\n                break\n>       raise TimeoutException(message, screen, stacktrace)\nE       selenium.common.exceptions.TimeoutException: Message: \nE       Stacktrace:\nE       RemoteError@chrome://remote/content/shared/RemoteError.sys.mjs:8:8\nE       WebDriverError@chrome://remote/content/shared/webdriver/Errors.sys.mjs:193:5\nE       NoSuchElementError@chrome://remote/content/shared/webdriver/Errors.sys.mjs:511:5\nE       dom.find/</<@chrome://remote/content/shared/DOM.sys.mjs:136:16\n\nvenv\\Lib\\site-packages\\selenium\\webdriver\\support\\wait.py:105: TimeoutException"}, "steps": [{"name": "Нажать на кнопку \"Лента заказов\"", "status": "passed", "start": 1719228746475, "stop": 1719228746949}, {"name": "Клик по первому заказу в списке \"Лента заказов\"", "status": "broken", "statusDetails": {"message": "selenium.common.exceptions.TimeoutException: Message: \nStacktrace:\nRemoteError@chrome://remote/content/shared/RemoteError.sys.mjs:8:8\nWebDriverError@chrome://remote/content/shared/webdriver/Errors.sys.mjs:193:5\nNoSuchElementError@chrome://remote/content/shared/webdriver/Errors.sys.mjs:511:5\ndom.find/</<@chrome://remote/content/shared/DOM.sys.mjs:136:16\n\n", "trace": "  File \"C:\\Users\\user\\PycharmProjects\\Diplom_3\\Diplom_3\\venv\\Lib\\site-packages\\allure_commons\\_allure.py\", line 192, in impl\n    return func(*a, **kw)\n           ^^^^^^^^^^^^^^\n  File \"C:\\Users\\user\\PycharmProjects\\Diplom_3\\Diplom_3\\pages\\order_feed_page.py\", line 15, in click_order_info\n    self.click_on_element(OrderFeedLocators.ORDER_INFO_WINDOW)\n  File \"C:\\Users\\user\\PycharmProjects\\Diplom_3\\Diplom_3\\pages\\base_page.py\", line 26, in click_on_element\n    self.wait_for_element_clickable(locator)\n  File \"C:\\Users\\user\\PycharmProjects\\Diplom_3\\Diplom_3\\pages\\base_page.py\", line 18, in wait_for_element_clickable\n    WebDriverWait(self.driver, 5).until(EC.element_to_be_clickable(locator))\n  File \"C:\\Users\\user\\PycharmProjects\\Diplom_3\\Diplom_3\\venv\\Lib\\site-packages\\selenium\\webdriver\\support\\wait.py\", line 105, in until\n    raise TimeoutException(message, screen, stacktrace)\n"}, "start": 1719228746950, "stop": 1719228752212}], "parameters": [{"name": "driver", "value": "'firefox'"}], "start": 1719228746475, "stop": 1719228752404, "uuid": "28192110-dc44-4fa4-92c6-352df162e83b", "historyId": "d6d75bbeae66d8b3f1ee98e17a5d02f7", "testCaseId": "07eb36f793ef825a48ac351d1af61085", "fullName": "tests.test_order_feed.TestOrderFeedPage#test_check_order_info_modal", "labels": [{"name": "parentSuite", "value": "tests"}, {"name": "suite", "value": "test_order_feed"}, {"name": "subSuite", "value": "TestOrderFeedPage"}, {"name": "host", "value": "LAPTOP-8BB0DG15"}, {"name": "thread", "value": "27308-MainThread"}, {"name": "framework", "value": "pytest"}, {"name": "language", "value": "cpython3"}, {"name": "package", "value": "tests.test_order_feed"}]}