{"name": "Выход из личного кабинета", "status": "broken", "statusDetails": {"message": "selenium.common.exceptions.TimeoutException: Message: \nStacktrace:\n\tGetHandleVerifier [0x00A9B8E3+45827]\n\t(No symbol) [0x00A2DCC4]\n\t(No symbol) [0x0092150F]\n\t(No symbol) [0x009620BC]\n\t(No symbol) [0x0096216B]\n\t(No symbol) [0x0099E0F2]\n\t(No symbol) [0x00982E44]\n\t(No symbol) [0x0099C034]\n\t(No symbol) [0x00982B96]\n\t(No symbol) [0x00956998]\n\t(No symbol) [0x0095751D]\n\tGetHandleVerifier [0x00D54513+2899763]\n\tGetHandleVerifier [0x00DA793D+3240797]\n\tGetHandleVerifier [0x00B213B4+593364]\n\tGetHandleVerifier [0x00B282DC+621820]\n\t(No symbol) [0x00A370A4]\n\t(No symbol) [0x00A337A8]\n\t(No symbol) [0x00A33947]\n\t(No symbol) [0x00A259FE]\n\tBaseThreadInitThunk [0x75F27BA9+25]\n\tRtlInitializeExceptionChain [0x778EC10B+107]\n\tRtlClearBits [0x778EC08F+191]", "trace": "self = <tests.test_profile_area.TestProfilelAreaPage object at 0x0000025DF1B75CA0>\ndriver = <selenium.webdriver.chrome.webdriver.WebDriver (session=\"1f2bd21e15d17ce0b8ca78bc08830e60\")>\ncreate_new_user = ({'email': 'ladimirblohin@example.com', 'name': 'Касьян', 'password': 'lq&tuZiZ&2'}, <Response [200]>), login = None\n\n    @allure.title('Выход из личного кабинета')\n    def test_log_out_profile(self, driver, create_new_user, login):\n        header = HeaderPage(driver)\n        profile_area = ProfileAreaPage(driver)\n        login_page = LoginPage(driver)\n        header.click_profile_area_btn()\n        profile_area.click_exit_btn()\n>       assert login_page.check_authorization_form() and login_page.get_current_url() == (MainUrl.MAIN_URL + URLS.URL_LOGIN)\n\ntests\\test_profile_area.py:25: \n_ _ _ _ _ _ _ _ _ _ _ _ _ _ _ _ _ _ _ _ _ _ _ _ _ _ _ _ _ _ _ _ _ _ _ _ _ _ _ _ _ _ _ _ _ _ _ _ _ _ _ _ _ _ _ _ _ _ _ _ _ _ _ _ _ _ _ _ _ _ \npages\\login_page.py:10: in check_authorization_form\n    return self.check_element(AuthPageLocators.AUTH_FORM)\npages\\base_page.py:46: in check_element\n    self.wait_for_loading_element(locator)\npages\\base_page.py:22: in wait_for_loading_element\n    WebDriverWait(self.driver, 30).until(EC.presence_of_element_located(locator))\n_ _ _ _ _ _ _ _ _ _ _ _ _ _ _ _ _ _ _ _ _ _ _ _ _ _ _ _ _ _ _ _ _ _ _ _ _ _ _ _ _ _ _ _ _ _ _ _ _ _ _ _ _ _ _ _ _ _ _ _ _ _ _ _ _ _ _ _ _ _ \n\nself = <selenium.webdriver.support.wait.WebDriverWait (session=\"1f2bd21e15d17ce0b8ca78bc08830e60\")>\nmethod = <function presence_of_element_located.<locals>._predicate at 0x0000025DF1EA3F60>, message = ''\n\n    def until(self, method: Callable[[D], Union[Literal[False], T]], message: str = \"\") -> T:\n        \"\"\"Calls the method provided with the driver as an argument until the \\\n        return value does not evaluate to ``False``.\n    \n        :param method: callable(WebDriver)\n        :param message: optional message for :exc:`TimeoutException`\n        :returns: the result of the last call to `method`\n        :raises: :exc:`selenium.common.exceptions.TimeoutException` if timeout occurs\n        \"\"\"\n        screen = None\n        stacktrace = None\n    \n        end_time = time.monotonic() + self._timeout\n        while True:\n            try:\n                value = method(self._driver)\n                if value:\n                    return value\n            except self._ignored_exceptions as exc:\n                screen = getattr(exc, \"screen\", None)\n                stacktrace = getattr(exc, \"stacktrace\", None)\n            time.sleep(self._poll)\n            if time.monotonic() > end_time:\n                break\n>       raise TimeoutException(message, screen, stacktrace)\nE       selenium.common.exceptions.TimeoutException: Message: \nE       Stacktrace:\nE       \tGetHandleVerifier [0x00A9B8E3+45827]\nE       \t(No symbol) [0x00A2DCC4]\nE       \t(No symbol) [0x0092150F]\nE       \t(No symbol) [0x009620BC]\nE       \t(No symbol) [0x0096216B]\nE       \t(No symbol) [0x0099E0F2]\nE       \t(No symbol) [0x00982E44]\nE       \t(No symbol) [0x0099C034]\nE       \t(No symbol) [0x00982B96]\nE       \t(No symbol) [0x00956998]\nE       \t(No symbol) [0x0095751D]\nE       \tGetHandleVerifier [0x00D54513+2899763]\nE       \tGetHandleVerifier [0x00DA793D+3240797]\nE       \tGetHandleVerifier [0x00B213B4+593364]\nE       \tGetHandleVerifier [0x00B282DC+621820]\nE       \t(No symbol) [0x00A370A4]\nE       \t(No symbol) [0x00A337A8]\nE       \t(No symbol) [0x00A33947]\nE       \t(No symbol) [0x00A259FE]\nE       \tBaseThreadInitThunk [0x75F27BA9+25]\nE       \tRtlInitializeExceptionChain [0x778EC10B+107]\nE       \tRtlClearBits [0x778EC08F+191]\n\nvenv\\Lib\\site-packages\\selenium\\webdriver\\support\\wait.py:105: TimeoutException"}, "steps": [{"name": "Нажать на кнопку \"Личный кабинет\"", "status": "passed", "start": 1719229197945, "stop": 1719229198399}, {"name": "Нажать на кнопку \"Выход\"", "status": "passed", "start": 1719229198400, "stop": 1719229199355}, {"name": "Проверка наличия формы авторизации", "status": "broken", "statusDetails": {"message": "selenium.common.exceptions.TimeoutException: Message: \nStacktrace:\n\tGetHandleVerifier [0x00A9B8E3+45827]\n\t(No symbol) [0x00A2DCC4]\n\t(No symbol) [0x0092150F]\n\t(No symbol) [0x009620BC]\n\t(No symbol) [0x0096216B]\n\t(No symbol) [0x0099E0F2]\n\t(No symbol) [0x00982E44]\n\t(No symbol) [0x0099C034]\n\t(No symbol) [0x00982B96]\n\t(No symbol) [0x00956998]\n\t(No symbol) [0x0095751D]\n\tGetHandleVerifier [0x00D54513+2899763]\n\tGetHandleVerifier [0x00DA793D+3240797]\n\tGetHandleVerifier [0x00B213B4+593364]\n\tGetHandleVerifier [0x00B282DC+621820]\n\t(No symbol) [0x00A370A4]\n\t(No symbol) [0x00A337A8]\n\t(No symbol) [0x00A33947]\n\t(No symbol) [0x00A259FE]\n\tBaseThreadInitThunk [0x75F27BA9+25]\n\tRtlInitializeExceptionChain [0x778EC10B+107]\n\tRtlClearBits [0x778EC08F+191]\n\n", "trace": "  File \"C:\\Users\\user\\PycharmProjects\\Diplom_3\\Diplom_3\\venv\\Lib\\site-packages\\allure_commons\\_allure.py\", line 192, in impl\n    return func(*a, **kw)\n           ^^^^^^^^^^^^^^\n  File \"C:\\Users\\user\\PycharmProjects\\Diplom_3\\Diplom_3\\pages\\login_page.py\", line 10, in check_authorization_form\n    return self.check_element(AuthPageLocators.AUTH_FORM)\n           ^^^^^^^^^^^^^^^^^^^^^^^^^^^^^^^^^^^^^^^^^^^^^^\n  File \"C:\\Users\\user\\PycharmProjects\\Diplom_3\\Diplom_3\\pages\\base_page.py\", line 46, in check_element\n    self.wait_for_loading_element(locator)\n  File \"C:\\Users\\user\\PycharmProjects\\Diplom_3\\Diplom_3\\pages\\base_page.py\", line 22, in wait_for_loading_element\n    WebDriverWait(self.driver, 30).until(EC.presence_of_element_located(locator))\n  File \"C:\\Users\\user\\PycharmProjects\\Diplom_3\\Diplom_3\\venv\\Lib\\site-packages\\selenium\\webdriver\\support\\wait.py\", line 105, in until\n    raise TimeoutException(message, screen, stacktrace)\n"}, "start": 1719229199355, "stop": 1719229229404}], "parameters": [{"name": "driver", "value": "'chrome'"}], "start": 1719229197944, "stop": 1719229229407, "uuid": "85ccb3d9-5f5b-4523-a39c-e3071f7d8b14", "historyId": "1c57de52e5eaa5aa7753bb38b166c8e4", "testCaseId": "85c8d3d9a6e1f19adb34560adee70168", "fullName": "tests.test_profile_area.TestProfilelAreaPage#test_log_out_profile", "labels": [{"name": "parentSuite", "value": "tests"}, {"name": "suite", "value": "test_profile_area"}, {"name": "subSuite", "value": "TestProfilelAreaPage"}, {"name": "host", "value": "LAPTOP-8BB0DG15"}, {"name": "thread", "value": "27308-MainThread"}, {"name": "framework", "value": "pytest"}, {"name": "language", "value": "cpython3"}, {"name": "package", "value": "tests.test_profile_area"}]}